<?xml version="1.0" encoding="UTF-8"?>
<!-- Generated by org.testng.reporters.JUnitReportReporter -->
<testsuite skipped="0" hostname="DESKTOP-K5S71EA" name="org.example.runners.TestRunner" tests="20" failures="0" timestamp="2022-07-08T12:00:27 EET" time="328.683" errors="0">
  <testcase name="runScenario" time="9.365" classname="org.example.runners.TestRunner"/>
  <system-out/>
  <testcase name="runScenario" time="10.537" classname="org.example.runners.TestRunner"/>
  <system-out/>
  <testcase name="runScenario" time="7.536" classname="org.example.runners.TestRunner"/>
  <system-out/>
  <testcase name="runScenario" time="40.341" classname="org.example.runners.TestRunner"/>
  <system-out/>
  <testcase name="runScenario" time="9.300" classname="org.example.runners.TestRunner"/>
  <system-out/>
  <testcase name="runScenario" time="11.353" classname="org.example.runners.TestRunner"/>
  <system-out/>
  <testcase name="runScenario" time="40.123" classname="org.example.runners.TestRunner"/>
  <system-out/>
  <testcase name="runScenario" time="7.621" classname="org.example.runners.TestRunner"/>
  <system-out/>
  <testcase name="runScenario" time="10.115" classname="org.example.runners.TestRunner"/>
  <system-out/>
  <testcase name="runScenario" time="9.835" classname="org.example.runners.TestRunner"/>
  <system-out/>
  <testcase name="runScenario" time="10.146" classname="org.example.runners.TestRunner"/>
  <system-out/>
  <testcase name="runScenario" time="17.290" classname="org.example.runners.TestRunner"/>
  <system-out/>
  <testcase name="runScenario" time="28.216" classname="org.example.runners.TestRunner"/>
  <system-out/>
  <testcase name="runScenario" time="8.998" classname="org.example.runners.TestRunner"/>
  <system-out/>
  <testcase name="runScenario" time="31.239" classname="org.example.runners.TestRunner"/>
  <system-out/>
  <testcase name="runScenario" time="13.901" classname="org.example.runners.TestRunner"/>
  <system-out/>
  <testcase name="runScenario" time="27.554" classname="org.example.runners.TestRunner"/>
  <system-out/>
  <testcase name="runScenario" time="8.614" classname="org.example.runners.TestRunner"/>
  <system-out/>
  <testcase name="runScenario" time="13.088" classname="org.example.runners.TestRunner"/>
  <system-out/>
  <testcase name="runScenario" time="13.511" classname="org.example.runners.TestRunner"/>
  <system-out/>
</testsuite> <!-- org.example.runners.TestRunner -->
